<?xml version="1.0" encoding="UTF-8"?>
<testng-results ignored="0" total="2" passed="2" failed="0" skipped="0">
  <reporter-output>
  </reporter-output>
  <suite started-at="2023-01-18T05:40:04Z" name="Default suite" finished-at="2023-01-18T05:40:14Z" duration-ms="9212">
    <groups>
    </groups>
    <test started-at="2023-01-18T05:40:04Z" name="Default test" finished-at="2023-01-18T05:40:14Z" duration-ms="9212">
      <class name="test.LoginPageTest">
        <test-method is-config="true" signature="setUp()[pri:0, instance:test.LoginPageTest@2141a12]" started-at="2023-01-18T05:40:04Z" name="setUp" finished-at="2023-01-18T05:40:08Z" duration-ms="3729" status="PASS">
          <reporter-output>
          </reporter-output>
        </test-method> <!-- setUp -->
        <test-method signature="loginTest()[pri:0, instance:test.LoginPageTest@2141a12]" started-at="2023-01-18T05:40:08Z" name="loginTest" finished-at="2023-01-18T05:40:10Z" duration-ms="1681" status="PASS">
          <reporter-output>
          </reporter-output>
        </test-method> <!-- loginTest -->
        <test-method is-config="true" signature="tearDown()[pri:0, instance:test.LoginPageTest@2141a12]" started-at="2023-01-18T05:40:10Z" name="tearDown" finished-at="2023-01-18T05:40:10Z" duration-ms="389" status="PASS">
          <reporter-output>
          </reporter-output>
        </test-method> <!-- tearDown -->
        <test-method is-config="true" signature="setUp()[pri:0, instance:test.LoginPageTest@2141a12]" started-at="2023-01-18T05:40:10Z" name="setUp" finished-at="2023-01-18T05:40:12Z" duration-ms="1885" status="PASS">
          <reporter-output>
          </reporter-output>
        </test-method> <!-- setUp -->
        <test-method signature="pageTitleTest()[pri:0, instance:test.LoginPageTest@2141a12]" started-at="2023-01-18T05:40:12Z" name="pageTitleTest" finished-at="2023-01-18T05:40:13Z" duration-ms="1261" status="PASS">
          <reporter-output>
          </reporter-output>
        </test-method> <!-- pageTitleTest -->
        <test-method is-config="true" signature="tearDown()[pri:0, instance:test.LoginPageTest@2141a12]" started-at="2023-01-18T05:40:13Z" name="tearDown" finished-at="2023-01-18T05:40:14Z" duration-ms="246" status="PASS">
          <reporter-output>
          </reporter-output>
        </test-method> <!-- tearDown -->
      </class> <!-- test.LoginPageTest -->
    </test> <!-- Default test -->
  </suite> <!-- Default suite -->
</testng-results>
